<?xml version="1.0" encoding="UTF-8"?>
<testng-results skipped="0" failed="0" ignored="0" total="3" passed="3">
  <reporter-output>
  </reporter-output>
  <suite name="Default Suite" duration-ms="22770" started-at="2019-04-06T03:45:55Z" finished-at="2019-04-06T03:46:18Z">
    <groups>
    </groups>
    <test name="Demo01" duration-ms="22770" started-at="2019-04-06T03:45:55Z" finished-at="2019-04-06T03:46:18Z">
      <class name="com.wangwei.testCase.LoginCase">
        <test-method status="PASS" signature="getLoginHome()[pri:0, instance:com.wangwei.testCase.LoginCase@2c35e847]" name="getLoginHome" duration-ms="7647" started-at="2019-04-06T11:45:55Z" finished-at="2019-04-06T11:46:03Z">
          <reporter-output>
          </reporter-output>
        </test-method> <!-- getLoginHome -->
        <test-method status="PASS" signature="login()[pri:0, instance:com.wangwei.testCase.LoginCase@2c35e847]" name="login" duration-ms="9785" started-at="2019-04-06T11:46:03Z" depends-on-methods="com.wangwei.testCase.LoginCase.getLoginHome" finished-at="2019-04-06T11:46:12Z">
          <reporter-output>
          </reporter-output>
        </test-method> <!-- login -->
        <test-method status="PASS" signature="close()[pri:0, instance:com.wangwei.testCase.LoginCase@2c35e847]" name="close" duration-ms="5314" started-at="2019-04-06T11:46:12Z" depends-on-methods="com.wangwei.testCase.LoginCase.login" finished-at="2019-04-06T11:46:18Z">
          <reporter-output>
          </reporter-output>
        </test-method> <!-- close -->
      </class> <!-- com.wangwei.testCase.LoginCase -->
    </test> <!-- Demo01 -->
  </suite> <!-- Default Suite -->
</testng-results>
